<?xml version="1.0" encoding="UTF-8"?>
<!-- Generated by org.testng.reporters.JUnitXMLReporter -->
<testsuite ignored="0" hostname="sofiane14" failures="1" tests="4" name="login test" time="13.916" errors="0" timestamp="2023-05-04T14:21:37 EDT">
  <testcase classname="us.piit.LoginTest" name="invalidUsername" time="0.387"/>
  <testcase classname="us.piit.LoginTest" name="missingPassword" time="0.338"/>
  <testcase classname="us.piit.LoginTest" name="missingUsername" time="0.333">
    <failure type="java.lang.AssertionError" message="expected [Epic sadface: Username is required] but found [Epic sadface: sername is required]">
      <![CDATA[java.lang.AssertionError: expected [Epic sadface: Username is required] but found [Epic sadface: sername is required]
at us.piit.LoginTest.missingUsername(LoginTest.java:70)
at java.base/java.util.ArrayList.forEach(ArrayList.java:1541)
at com.intellij.rt.testng.IDEARemoteTestNG.run(IDEARemoteTestNG.java:66)
at com.intellij.rt.testng.RemoteTestNGStarter.main(RemoteTestNGStarter.java:109)
... Removed 30 stack frames]]>
    </failure>
  </testcase> <!-- missingUsername -->
  <testcase classname="us.piit.LoginTest" name="validCred" time="0.433"/>
</testsuite> <!-- login test -->
